[0.842s] Invoking command in '/home/vom/ros2_ws/RasPi_Radar/build/yansa_radar': PYTHONPATH=/home/vom/ros2_ws/RasPi_Radar/build/yansa_radar/prefix_override:/home/vom/ros2_ws/RasPi_Radar/install/yansa_radar/lib/python3.10/site-packages:${PYTHONPATH} /usr/bin/python3 setup.py develop --editable --build-directory /home/vom/ros2_ws/RasPi_Radar/build/yansa_radar/build --no-deps install_data
[1.130s] running develop
[1.308s] running egg_info
[1.308s] creating yansa_radar.egg-info
[1.308s] writing yansa_radar.egg-info/PKG-INFO
[1.308s] writing dependency_links to yansa_radar.egg-info/dependency_links.txt
[1.308s] writing entry points to yansa_radar.egg-info/entry_points.txt
[1.308s] writing requirements to yansa_radar.egg-info/requires.txt
[1.308s] writing top-level names to yansa_radar.egg-info/top_level.txt
[1.309s] writing manifest file 'yansa_radar.egg-info/SOURCES.txt'
[1.310s] reading manifest file 'yansa_radar.egg-info/SOURCES.txt'
[1.310s] writing manifest file 'yansa_radar.egg-info/SOURCES.txt'
[1.312s] running build_ext
[1.312s] Creating /home/vom/ros2_ws/RasPi_Radar/install/yansa_radar/lib/python3.10/site-packages/yansa-radar.egg-link (link to .)
[1.312s] Installing right_radar_node script to /home/vom/ros2_ws/RasPi_Radar/install/yansa_radar/lib/yansa_radar
[1.313s] 
[1.313s] Installed /home/vom/ros2_ws/RasPi_Radar/build/yansa_radar
[1.313s] running install_data
[1.313s] creating /home/vom/ros2_ws/RasPi_Radar/install/yansa_radar/share/ament_index
[1.313s] creating /home/vom/ros2_ws/RasPi_Radar/install/yansa_radar/share/ament_index/resource_index
[1.313s] creating /home/vom/ros2_ws/RasPi_Radar/install/yansa_radar/share/ament_index/resource_index/packages
[1.313s] copying resource/yansa_radar -> /home/vom/ros2_ws/RasPi_Radar/install/yansa_radar/share/ament_index/resource_index/packages
[1.313s] copying package.xml -> /home/vom/ros2_ws/RasPi_Radar/install/yansa_radar/share/yansa_radar
[1.337s] Invoked command in '/home/vom/ros2_ws/RasPi_Radar/build/yansa_radar' returned '0': PYTHONPATH=/home/vom/ros2_ws/RasPi_Radar/build/yansa_radar/prefix_override:/home/vom/ros2_ws/RasPi_Radar/install/yansa_radar/lib/python3.10/site-packages:${PYTHONPATH} /usr/bin/python3 setup.py develop --editable --build-directory /home/vom/ros2_ws/RasPi_Radar/build/yansa_radar/build --no-deps install_data
