running develop
running egg_info
creating yansa_radar.egg-info
writing yansa_radar.egg-info/PKG-INFO
writing dependency_links to yansa_radar.egg-info/dependency_links.txt
writing entry points to yansa_radar.egg-info/entry_points.txt
writing requirements to yansa_radar.egg-info/requires.txt
writing top-level names to yansa_radar.egg-info/top_level.txt
writing manifest file 'yansa_radar.egg-info/SOURCES.txt'
reading manifest file 'yansa_radar.egg-info/SOURCES.txt'
writing manifest file 'yansa_radar.egg-info/SOURCES.txt'
running build_ext
Creating /home/vom/ros2_ws/Yansa_Radar/install/yansa_radar/lib/python3.10/site-packages/yansa-radar.egg-link (link to .)
Installing right_radar_node script to /home/vom/ros2_ws/Yansa_Radar/install/yansa_radar/lib/yansa_radar

Installed /home/vom/ros2_ws/Yansa_Radar/build/yansa_radar
running install_data
creating /home/vom/ros2_ws/Yansa_Radar/install/yansa_radar/share/ament_index
creating /home/vom/ros2_ws/Yansa_Radar/install/yansa_radar/share/ament_index/resource_index
creating /home/vom/ros2_ws/Yansa_Radar/install/yansa_radar/share/ament_index/resource_index/packages
copying resource/yansa_radar -> /home/vom/ros2_ws/Yansa_Radar/install/yansa_radar/share/ament_index/resource_index/packages
copying package.xml -> /home/vom/ros2_ws/Yansa_Radar/install/yansa_radar/share/yansa_radar
