[0.967s] Invoking command in '/home/vom/ros2_ws/Yansa_Radar/build/yansa_radar': PYTHONPATH=/home/vom/ros2_ws/Yansa_Radar/build/yansa_radar/prefix_override:/home/vom/ros2_ws/Yansa_Radar/install/yansa_radar/lib/python3.10/site-packages:${PYTHONPATH} /usr/bin/python3 setup.py develop --editable --build-directory /home/vom/ros2_ws/Yansa_Radar/build/yansa_radar/build --no-deps install_data
[1.233s] running develop
[1.399s] running egg_info
[1.399s] creating yansa_radar.egg-info
[1.399s] writing yansa_radar.egg-info/PKG-INFO
[1.399s] writing dependency_links to yansa_radar.egg-info/dependency_links.txt
[1.399s] writing entry points to yansa_radar.egg-info/entry_points.txt
[1.400s] writing requirements to yansa_radar.egg-info/requires.txt
[1.400s] writing top-level names to yansa_radar.egg-info/top_level.txt
[1.400s] writing manifest file 'yansa_radar.egg-info/SOURCES.txt'
[1.401s] reading manifest file 'yansa_radar.egg-info/SOURCES.txt'
[1.402s] writing manifest file 'yansa_radar.egg-info/SOURCES.txt'
[1.403s] running build_ext
[1.404s] Creating /home/vom/ros2_ws/Yansa_Radar/install/yansa_radar/lib/python3.10/site-packages/yansa-radar.egg-link (link to .)
[1.404s] Installing right_radar_node script to /home/vom/ros2_ws/Yansa_Radar/install/yansa_radar/lib/yansa_radar
[1.405s] 
[1.405s] Installed /home/vom/ros2_ws/Yansa_Radar/build/yansa_radar
[1.405s] running install_data
[1.405s] creating /home/vom/ros2_ws/Yansa_Radar/install/yansa_radar/share/ament_index
[1.405s] creating /home/vom/ros2_ws/Yansa_Radar/install/yansa_radar/share/ament_index/resource_index
[1.405s] creating /home/vom/ros2_ws/Yansa_Radar/install/yansa_radar/share/ament_index/resource_index/packages
[1.405s] copying resource/yansa_radar -> /home/vom/ros2_ws/Yansa_Radar/install/yansa_radar/share/ament_index/resource_index/packages
[1.405s] copying package.xml -> /home/vom/ros2_ws/Yansa_Radar/install/yansa_radar/share/yansa_radar
[1.427s] Invoked command in '/home/vom/ros2_ws/Yansa_Radar/build/yansa_radar' returned '0': PYTHONPATH=/home/vom/ros2_ws/Yansa_Radar/build/yansa_radar/prefix_override:/home/vom/ros2_ws/Yansa_Radar/install/yansa_radar/lib/python3.10/site-packages:${PYTHONPATH} /usr/bin/python3 setup.py develop --editable --build-directory /home/vom/ros2_ws/Yansa_Radar/build/yansa_radar/build --no-deps install_data
