[0.958s] DEBUG:colcon:Command line arguments: ['/usr/bin/colcon', 'build', '--symlink-install']
[0.958s] DEBUG:colcon:Parsed command line arguments: Namespace(log_base=None, log_level=None, verb_name='build', build_base='build', install_base='install', merge_install=False, symlink_install=True, test_result_base=None, continue_on_error=False, executor='parallel', parallel_workers=8, event_handlers=None, ignore_user_meta=False, metas=['./colcon.meta'], base_paths=['.'], packages_ignore=None, packages_ignore_regex=None, paths=None, packages_up_to=None, packages_up_to_regex=None, packages_above=None, packages_above_and_dependencies=None, packages_above_depth=None, packages_select_by_dep=None, packages_skip_by_dep=None, packages_skip_up_to=None, packages_select_build_failed=False, packages_skip_build_finished=False, packages_select_test_failures=False, packages_skip_test_passed=False, packages_select=None, packages_skip=None, packages_select_regex=None, packages_skip_regex=None, packages_start=None, packages_end=None, allow_overriding=[], cmake_args=None, cmake_target=None, cmake_target_skip_unavailable=False, cmake_clean_cache=False, cmake_clean_first=False, cmake_force_configure=False, ament_cmake_args=None, catkin_cmake_args=None, catkin_skip_building_tests=False, verb_parser=<colcon_defaults.argument_parser.defaults.DefaultArgumentsDecorator object at 0x7f4713dd3640>, verb_extension=<colcon_core.verb.build.BuildVerb object at 0x7f4713dd3c70>, main=<bound method BuildVerb.main of <colcon_core.verb.build.BuildVerb object at 0x7f4713dd3c70>>)
[1.035s] Level 1:colcon.colcon_core.package_discovery:discover_packages(colcon_meta) check parameters
[1.035s] Level 1:colcon.colcon_core.package_discovery:discover_packages(recursive) check parameters
[1.035s] Level 1:colcon.colcon_core.package_discovery:discover_packages(ignore) check parameters
[1.035s] Level 1:colcon.colcon_core.package_discovery:discover_packages(path) check parameters
[1.035s] Level 1:colcon.colcon_core.package_discovery:discover_packages(colcon_meta) discover
[1.035s] Level 1:colcon.colcon_core.package_discovery:discover_packages(recursive) discover
[1.035s] INFO:colcon.colcon_core.package_discovery:Crawling recursively for packages in '/home/vom/ros2_ws/Yansa_Radar'
[1.036s] Level 1:colcon.colcon_core.package_identification:_identify(.) by extensions ['ignore', 'ignore_ament_install']
[1.036s] Level 1:colcon.colcon_core.package_identification:_identify(.) by extension 'ignore'
[1.036s] Level 1:colcon.colcon_core.package_identification:_identify(.) by extension 'ignore_ament_install'
[1.036s] Level 1:colcon.colcon_core.package_identification:_identify(.) by extensions ['colcon_pkg']
[1.036s] Level 1:colcon.colcon_core.package_identification:_identify(.) by extension 'colcon_pkg'
[1.036s] Level 1:colcon.colcon_core.package_identification:_identify(.) by extensions ['colcon_meta']
[1.036s] Level 1:colcon.colcon_core.package_identification:_identify(.) by extension 'colcon_meta'
[1.036s] Level 1:colcon.colcon_core.package_identification:_identify(.) by extensions ['ros']
[1.036s] Level 1:colcon.colcon_core.package_identification:_identify(.) by extension 'ros'
[1.046s] Level 1:colcon.colcon_core.package_identification:_identify(.) by extensions ['cmake', 'python']
[1.046s] Level 1:colcon.colcon_core.package_identification:_identify(.) by extension 'cmake'
[1.046s] Level 1:colcon.colcon_core.package_identification:_identify(.) by extension 'python'
[1.046s] Level 1:colcon.colcon_core.package_identification:_identify(.) by extensions ['python_setup_py']
[1.046s] Level 1:colcon.colcon_core.package_identification:_identify(.) by extension 'python_setup_py'
[1.046s] Level 1:colcon.colcon_core.package_identification:_identify(build) by extensions ['ignore', 'ignore_ament_install']
[1.046s] Level 1:colcon.colcon_core.package_identification:_identify(build) by extension 'ignore'
[1.046s] Level 1:colcon.colcon_core.package_identification:_identify(build) ignored
[1.047s] Level 1:colcon.colcon_core.package_identification:_identify(install) by extensions ['ignore', 'ignore_ament_install']
[1.047s] Level 1:colcon.colcon_core.package_identification:_identify(install) by extension 'ignore'
[1.047s] Level 1:colcon.colcon_core.package_identification:_identify(install) ignored
[1.047s] Level 1:colcon.colcon_core.package_identification:_identify(log) by extensions ['ignore', 'ignore_ament_install']
[1.047s] Level 1:colcon.colcon_core.package_identification:_identify(log) by extension 'ignore'
[1.047s] Level 1:colcon.colcon_core.package_identification:_identify(log) ignored
[1.047s] Level 1:colcon.colcon_core.package_identification:_identify(src) by extensions ['ignore', 'ignore_ament_install']
[1.047s] Level 1:colcon.colcon_core.package_identification:_identify(src) by extension 'ignore'
[1.047s] Level 1:colcon.colcon_core.package_identification:_identify(src) by extension 'ignore_ament_install'
[1.047s] Level 1:colcon.colcon_core.package_identification:_identify(src) by extensions ['colcon_pkg']
[1.047s] Level 1:colcon.colcon_core.package_identification:_identify(src) by extension 'colcon_pkg'
[1.047s] Level 1:colcon.colcon_core.package_identification:_identify(src) by extensions ['colcon_meta']
[1.047s] Level 1:colcon.colcon_core.package_identification:_identify(src) by extension 'colcon_meta'
[1.047s] Level 1:colcon.colcon_core.package_identification:_identify(src) by extensions ['ros']
[1.047s] Level 1:colcon.colcon_core.package_identification:_identify(src) by extension 'ros'
[1.047s] Level 1:colcon.colcon_core.package_identification:_identify(src) by extensions ['cmake', 'python']
[1.047s] Level 1:colcon.colcon_core.package_identification:_identify(src) by extension 'cmake'
[1.047s] Level 1:colcon.colcon_core.package_identification:_identify(src) by extension 'python'
[1.047s] Level 1:colcon.colcon_core.package_identification:_identify(src) by extensions ['python_setup_py']
[1.047s] Level 1:colcon.colcon_core.package_identification:_identify(src) by extension 'python_setup_py'
[1.048s] Level 1:colcon.colcon_core.package_identification:_identify(src/yansa_radar) by extensions ['ignore', 'ignore_ament_install']
[1.048s] Level 1:colcon.colcon_core.package_identification:_identify(src/yansa_radar) by extension 'ignore'
[1.048s] Level 1:colcon.colcon_core.package_identification:_identify(src/yansa_radar) by extension 'ignore_ament_install'
[1.048s] Level 1:colcon.colcon_core.package_identification:_identify(src/yansa_radar) by extensions ['colcon_pkg']
[1.048s] Level 1:colcon.colcon_core.package_identification:_identify(src/yansa_radar) by extension 'colcon_pkg'
[1.048s] Level 1:colcon.colcon_core.package_identification:_identify(src/yansa_radar) by extensions ['colcon_meta']
[1.048s] Level 1:colcon.colcon_core.package_identification:_identify(src/yansa_radar) by extension 'colcon_meta'
[1.048s] Level 1:colcon.colcon_core.package_identification:_identify(src/yansa_radar) by extensions ['ros']
[1.048s] Level 1:colcon.colcon_core.package_identification:_identify(src/yansa_radar) by extension 'ros'
[1.051s] DEBUG:colcon.colcon_core.package_identification:Package 'src/yansa_radar' with type 'ros.ament_python' and name 'yansa_radar'
[1.051s] Level 1:colcon.colcon_core.package_discovery:discover_packages(recursive) using defaults
[1.051s] Level 1:colcon.colcon_core.package_discovery:discover_packages(ignore) discover
[1.051s] Level 1:colcon.colcon_core.package_discovery:discover_packages(ignore) using defaults
[1.051s] Level 1:colcon.colcon_core.package_discovery:discover_packages(path) discover
[1.051s] Level 1:colcon.colcon_core.package_discovery:discover_packages(path) using defaults
[1.169s] Level 1:colcon.colcon_core.package_discovery:discover_packages(prefix_path) check parameters
[1.169s] Level 1:colcon.colcon_core.package_discovery:discover_packages(prefix_path) discover
[1.204s] DEBUG:colcon.colcon_installed_package_information.package_discovery:Found 4 installed packages in /home/vom/ros2_ws/Nano_Vision/install
[1.217s] DEBUG:colcon.colcon_installed_package_information.package_discovery:Found 2 installed packages in /home/vom/ros2_ws/RasPi_LiDAR/install
[1.232s] DEBUG:colcon.colcon_installed_package_information.package_discovery:Found 3 installed packages in /home/vom/ros2_ws/RasPi_GPS_IMU/install
[1.253s] DEBUG:colcon.colcon_installed_package_information.package_discovery:Found 1 installed packages in /home/vom/ros2_ws/HusarionRosbot2R/install
[1.267s] DEBUG:colcon.colcon_installed_package_information.package_discovery:Found 283 installed packages in /opt/ros/humble
[1.268s] Level 1:colcon.colcon_core.package_discovery:discover_packages(prefix_path) using defaults
[1.367s] Level 5:colcon.colcon_core.verb:set package 'yansa_radar' build argument 'cmake_args' from command line to 'None'
[1.367s] Level 5:colcon.colcon_core.verb:set package 'yansa_radar' build argument 'cmake_target' from command line to 'None'
[1.367s] Level 5:colcon.colcon_core.verb:set package 'yansa_radar' build argument 'cmake_target_skip_unavailable' from command line to 'False'
[1.367s] Level 5:colcon.colcon_core.verb:set package 'yansa_radar' build argument 'cmake_clean_cache' from command line to 'False'
[1.367s] Level 5:colcon.colcon_core.verb:set package 'yansa_radar' build argument 'cmake_clean_first' from command line to 'False'
[1.367s] Level 5:colcon.colcon_core.verb:set package 'yansa_radar' build argument 'cmake_force_configure' from command line to 'False'
[1.367s] Level 5:colcon.colcon_core.verb:set package 'yansa_radar' build argument 'ament_cmake_args' from command line to 'None'
[1.367s] Level 5:colcon.colcon_core.verb:set package 'yansa_radar' build argument 'catkin_cmake_args' from command line to 'None'
[1.367s] Level 5:colcon.colcon_core.verb:set package 'yansa_radar' build argument 'catkin_skip_building_tests' from command line to 'False'
[1.367s] DEBUG:colcon.colcon_core.verb:Building package 'yansa_radar' with the following arguments: {'ament_cmake_args': None, 'build_base': '/home/vom/ros2_ws/Yansa_Radar/build/yansa_radar', 'catkin_cmake_args': None, 'catkin_skip_building_tests': False, 'cmake_args': None, 'cmake_clean_cache': False, 'cmake_clean_first': False, 'cmake_force_configure': False, 'cmake_target': None, 'cmake_target_skip_unavailable': False, 'install_base': '/home/vom/ros2_ws/Yansa_Radar/install/yansa_radar', 'merge_install': False, 'path': '/home/vom/ros2_ws/Yansa_Radar/src/yansa_radar', 'symlink_install': True, 'test_result_base': None}
[1.380s] INFO:colcon.colcon_core.executor:Executing jobs using 'parallel' executor
[1.394s] DEBUG:colcon.colcon_parallel_executor.executor.parallel:run_until_complete
[1.394s] INFO:colcon.colcon_ros.task.ament_python.build:Building ROS package in '/home/vom/ros2_ws/Yansa_Radar/src/yansa_radar' with build type 'ament_python'
[1.394s] Level 1:colcon.colcon_core.shell:create_environment_hook('yansa_radar', 'ament_prefix_path')
[1.420s] INFO:colcon.colcon_core.plugin_system:Skipping extension 'colcon_core.shell.bat': Not used on non-Windows systems
[1.420s] INFO:colcon.colcon_core.shell:Creating environment hook '/home/vom/ros2_ws/Yansa_Radar/install/yansa_radar/share/yansa_radar/hook/ament_prefix_path.ps1'
[1.422s] INFO:colcon.colcon_core.shell:Creating environment descriptor '/home/vom/ros2_ws/Yansa_Radar/install/yansa_radar/share/yansa_radar/hook/ament_prefix_path.dsv'
[1.422s] INFO:colcon.colcon_core.shell:Creating environment hook '/home/vom/ros2_ws/Yansa_Radar/install/yansa_radar/share/yansa_radar/hook/ament_prefix_path.sh'
[1.440s] INFO:colcon.colcon_core.shell:Skip shell extension 'powershell' for command environment: Not usable outside of PowerShell
[1.440s] DEBUG:colcon.colcon_core.shell:Skip shell extension 'dsv' for command environment
[1.849s] INFO:colcon.colcon_core.task.python.build:Building Python package in '/home/vom/ros2_ws/Yansa_Radar/src/yansa_radar'
[1.865s] INFO:colcon.colcon_core.shell:Skip shell extension 'powershell' for command environment: Not usable outside of PowerShell
[1.865s] DEBUG:colcon.colcon_core.shell:Skip shell extension 'dsv' for command environment
[2.363s] DEBUG:colcon.colcon_core.event_handler.log_command:Invoking command in '/home/vom/ros2_ws/Yansa_Radar/build/yansa_radar': PYTHONPATH=/home/vom/ros2_ws/Yansa_Radar/build/yansa_radar/prefix_override:/home/vom/ros2_ws/Yansa_Radar/install/yansa_radar/lib/python3.10/site-packages:${PYTHONPATH} /usr/bin/python3 setup.py develop --editable --build-directory /home/vom/ros2_ws/Yansa_Radar/build/yansa_radar/build --no-deps install_data
[2.821s] Level 1:colcon.colcon_core.shell:create_environment_hook('yansa_radar', 'pythonpath_develop')
[2.822s] DEBUG:colcon.colcon_core.event_handler.log_command:Invoked command in '/home/vom/ros2_ws/Yansa_Radar/build/yansa_radar' returned '0': PYTHONPATH=/home/vom/ros2_ws/Yansa_Radar/build/yansa_radar/prefix_override:/home/vom/ros2_ws/Yansa_Radar/install/yansa_radar/lib/python3.10/site-packages:${PYTHONPATH} /usr/bin/python3 setup.py develop --editable --build-directory /home/vom/ros2_ws/Yansa_Radar/build/yansa_radar/build --no-deps install_data
[2.836s] INFO:colcon.colcon_core.shell:Creating environment hook '/home/vom/ros2_ws/Yansa_Radar/build/yansa_radar/share/yansa_radar/hook/pythonpath_develop.ps1'
[2.836s] INFO:colcon.colcon_core.shell:Creating environment descriptor '/home/vom/ros2_ws/Yansa_Radar/build/yansa_radar/share/yansa_radar/hook/pythonpath_develop.dsv'
[2.837s] INFO:colcon.colcon_core.shell:Creating environment hook '/home/vom/ros2_ws/Yansa_Radar/build/yansa_radar/share/yansa_radar/hook/pythonpath_develop.sh'
[2.862s] Level 1:colcon.colcon_core.environment:checking '/home/vom/ros2_ws/Yansa_Radar/install/yansa_radar' for CMake module files
[2.862s] Level 1:colcon.colcon_core.environment:checking '/home/vom/ros2_ws/Yansa_Radar/install/yansa_radar' for CMake config files
[2.862s] Level 1:colcon.colcon_core.environment:checking '/home/vom/ros2_ws/Yansa_Radar/install/yansa_radar/lib'
[2.862s] Level 1:colcon.colcon_core.environment:checking '/home/vom/ros2_ws/Yansa_Radar/install/yansa_radar/bin'
[2.862s] Level 1:colcon.colcon_core.environment:checking '/home/vom/ros2_ws/Yansa_Radar/install/yansa_radar/lib/pkgconfig/yansa_radar.pc'
[2.863s] Level 1:colcon.colcon_core.environment:checking '/home/vom/ros2_ws/Yansa_Radar/install/yansa_radar/lib/python3.10/site-packages'
[2.863s] Level 1:colcon.colcon_core.shell:create_environment_hook('yansa_radar', 'pythonpath')
[2.876s] INFO:colcon.colcon_core.shell:Creating environment hook '/home/vom/ros2_ws/Yansa_Radar/install/yansa_radar/share/yansa_radar/hook/pythonpath.ps1'
[2.877s] INFO:colcon.colcon_core.shell:Creating environment descriptor '/home/vom/ros2_ws/Yansa_Radar/install/yansa_radar/share/yansa_radar/hook/pythonpath.dsv'
[2.877s] INFO:colcon.colcon_core.shell:Creating environment hook '/home/vom/ros2_ws/Yansa_Radar/install/yansa_radar/share/yansa_radar/hook/pythonpath.sh'
[2.877s] Level 1:colcon.colcon_core.environment:checking '/home/vom/ros2_ws/Yansa_Radar/install/yansa_radar/bin'
[2.877s] Level 1:colcon.colcon_core.environment:create_environment_scripts_only(yansa_radar)
[2.892s] INFO:colcon.colcon_core.shell:Creating package script '/home/vom/ros2_ws/Yansa_Radar/install/yansa_radar/share/yansa_radar/package.ps1'
[2.893s] INFO:colcon.colcon_core.shell:Creating package descriptor '/home/vom/ros2_ws/Yansa_Radar/install/yansa_radar/share/yansa_radar/package.dsv'
[2.894s] INFO:colcon.colcon_core.shell:Creating package script '/home/vom/ros2_ws/Yansa_Radar/install/yansa_radar/share/yansa_radar/package.sh'
[2.895s] INFO:colcon.colcon_core.shell:Creating package script '/home/vom/ros2_ws/Yansa_Radar/install/yansa_radar/share/yansa_radar/package.bash'
[2.897s] INFO:colcon.colcon_core.shell:Creating package script '/home/vom/ros2_ws/Yansa_Radar/install/yansa_radar/share/yansa_radar/package.zsh'
[2.898s] Level 1:colcon.colcon_core.environment:create_file_with_runtime_dependencies(/home/vom/ros2_ws/Yansa_Radar/install/yansa_radar/share/colcon-core/packages/yansa_radar)
[2.899s] DEBUG:colcon.colcon_parallel_executor.executor.parallel:closing loop
[2.899s] DEBUG:colcon.colcon_parallel_executor.executor.parallel:loop closed
[2.899s] DEBUG:colcon.colcon_parallel_executor.executor.parallel:run_until_complete finished with '0'
[2.899s] DEBUG:colcon.colcon_core.event_reactor:joining thread
[2.921s] INFO:colcon.colcon_core.plugin_system:Skipping extension 'colcon_notification.desktop_notification.terminal_notifier': Not used on non-Darwin systems
[2.921s] INFO:colcon.colcon_core.plugin_system:Skipping extension 'colcon_notification.desktop_notification.win32': Not used on non-Windows systems
[2.921s] INFO:colcon.colcon_notification.desktop_notification:Sending desktop notification using 'notify2'
[2.933s] DEBUG:colcon.colcon_core.event_reactor:joined thread
[2.960s] INFO:colcon.colcon_core.shell:Creating prefix script '/home/vom/ros2_ws/Yansa_Radar/install/local_setup.ps1'
[2.963s] INFO:colcon.colcon_core.shell:Creating prefix util module '/home/vom/ros2_ws/Yansa_Radar/install/_local_setup_util_ps1.py'
[2.965s] INFO:colcon.colcon_core.shell:Creating prefix chain script '/home/vom/ros2_ws/Yansa_Radar/install/setup.ps1'
[2.995s] INFO:colcon.colcon_core.shell:Creating prefix script '/home/vom/ros2_ws/Yansa_Radar/install/local_setup.sh'
[2.996s] INFO:colcon.colcon_core.shell:Creating prefix util module '/home/vom/ros2_ws/Yansa_Radar/install/_local_setup_util_sh.py'
[2.997s] INFO:colcon.colcon_core.shell:Creating prefix chain script '/home/vom/ros2_ws/Yansa_Radar/install/setup.sh'
[3.016s] INFO:colcon.colcon_core.shell:Creating prefix script '/home/vom/ros2_ws/Yansa_Radar/install/local_setup.bash'
[3.017s] INFO:colcon.colcon_core.shell:Creating prefix chain script '/home/vom/ros2_ws/Yansa_Radar/install/setup.bash'
[3.033s] INFO:colcon.colcon_core.shell:Creating prefix script '/home/vom/ros2_ws/Yansa_Radar/install/local_setup.zsh'
[3.034s] INFO:colcon.colcon_core.shell:Creating prefix chain script '/home/vom/ros2_ws/Yansa_Radar/install/setup.zsh'
