[1.072s] DEBUG:colcon:Command line arguments: ['/usr/bin/colcon', 'build', '--symlink-install']
[1.072s] DEBUG:colcon:Parsed command line arguments: Namespace(log_base=None, log_level=None, verb_name='build', build_base='build', install_base='install', merge_install=False, symlink_install=True, test_result_base=None, continue_on_error=False, executor='parallel', parallel_workers=8, event_handlers=None, ignore_user_meta=False, metas=['./colcon.meta'], base_paths=['.'], packages_ignore=None, packages_ignore_regex=None, paths=None, packages_up_to=None, packages_up_to_regex=None, packages_above=None, packages_above_and_dependencies=None, packages_above_depth=None, packages_select_by_dep=None, packages_skip_by_dep=None, packages_skip_up_to=None, packages_select_build_failed=False, packages_skip_build_finished=False, packages_select_test_failures=False, packages_skip_test_passed=False, packages_select=None, packages_skip=None, packages_select_regex=None, packages_skip_regex=None, packages_start=None, packages_end=None, allow_overriding=[], cmake_args=None, cmake_target=None, cmake_target_skip_unavailable=False, cmake_clean_cache=False, cmake_clean_first=False, cmake_force_configure=False, ament_cmake_args=None, catkin_cmake_args=None, catkin_skip_building_tests=False, verb_parser=<colcon_defaults.argument_parser.defaults.DefaultArgumentsDecorator object at 0x7f120a2a9900>, verb_extension=<colcon_core.verb.build.BuildVerb object at 0x7f120a2aa3b0>, main=<bound method BuildVerb.main of <colcon_core.verb.build.BuildVerb object at 0x7f120a2aa3b0>>)
[1.118s] Level 1:colcon.colcon_core.package_discovery:discover_packages(colcon_meta) check parameters
[1.118s] Level 1:colcon.colcon_core.package_discovery:discover_packages(recursive) check parameters
[1.118s] Level 1:colcon.colcon_core.package_discovery:discover_packages(ignore) check parameters
[1.118s] Level 1:colcon.colcon_core.package_discovery:discover_packages(path) check parameters
[1.118s] Level 1:colcon.colcon_core.package_discovery:discover_packages(colcon_meta) discover
[1.118s] Level 1:colcon.colcon_core.package_discovery:discover_packages(recursive) discover
[1.118s] INFO:colcon.colcon_core.package_discovery:Crawling recursively for packages in '/home/vom/ros2_ws/RasPi_Radar'
[1.118s] Level 1:colcon.colcon_core.package_identification:_identify(.) by extensions ['ignore', 'ignore_ament_install']
[1.118s] Level 1:colcon.colcon_core.package_identification:_identify(.) by extension 'ignore'
[1.118s] Level 1:colcon.colcon_core.package_identification:_identify(.) by extension 'ignore_ament_install'
[1.118s] Level 1:colcon.colcon_core.package_identification:_identify(.) by extensions ['colcon_pkg']
[1.118s] Level 1:colcon.colcon_core.package_identification:_identify(.) by extension 'colcon_pkg'
[1.118s] Level 1:colcon.colcon_core.package_identification:_identify(.) by extensions ['colcon_meta']
[1.118s] Level 1:colcon.colcon_core.package_identification:_identify(.) by extension 'colcon_meta'
[1.119s] Level 1:colcon.colcon_core.package_identification:_identify(.) by extensions ['ros']
[1.119s] Level 1:colcon.colcon_core.package_identification:_identify(.) by extension 'ros'
[1.128s] Level 1:colcon.colcon_core.package_identification:_identify(.) by extensions ['cmake', 'python']
[1.129s] Level 1:colcon.colcon_core.package_identification:_identify(.) by extension 'cmake'
[1.129s] Level 1:colcon.colcon_core.package_identification:_identify(.) by extension 'python'
[1.129s] Level 1:colcon.colcon_core.package_identification:_identify(.) by extensions ['python_setup_py']
[1.129s] Level 1:colcon.colcon_core.package_identification:_identify(.) by extension 'python_setup_py'
[1.129s] Level 1:colcon.colcon_core.package_identification:_identify(build) by extensions ['ignore', 'ignore_ament_install']
[1.129s] Level 1:colcon.colcon_core.package_identification:_identify(build) by extension 'ignore'
[1.129s] Level 1:colcon.colcon_core.package_identification:_identify(build) ignored
[1.129s] Level 1:colcon.colcon_core.package_identification:_identify(install) by extensions ['ignore', 'ignore_ament_install']
[1.129s] Level 1:colcon.colcon_core.package_identification:_identify(install) by extension 'ignore'
[1.129s] Level 1:colcon.colcon_core.package_identification:_identify(install) ignored
[1.129s] Level 1:colcon.colcon_core.package_identification:_identify(log) by extensions ['ignore', 'ignore_ament_install']
[1.129s] Level 1:colcon.colcon_core.package_identification:_identify(log) by extension 'ignore'
[1.130s] Level 1:colcon.colcon_core.package_identification:_identify(log) ignored
[1.130s] Level 1:colcon.colcon_core.package_identification:_identify(src) by extensions ['ignore', 'ignore_ament_install']
[1.130s] Level 1:colcon.colcon_core.package_identification:_identify(src) by extension 'ignore'
[1.130s] Level 1:colcon.colcon_core.package_identification:_identify(src) by extension 'ignore_ament_install'
[1.130s] Level 1:colcon.colcon_core.package_identification:_identify(src) by extensions ['colcon_pkg']
[1.130s] Level 1:colcon.colcon_core.package_identification:_identify(src) by extension 'colcon_pkg'
[1.130s] Level 1:colcon.colcon_core.package_identification:_identify(src) by extensions ['colcon_meta']
[1.130s] Level 1:colcon.colcon_core.package_identification:_identify(src) by extension 'colcon_meta'
[1.130s] Level 1:colcon.colcon_core.package_identification:_identify(src) by extensions ['ros']
[1.130s] Level 1:colcon.colcon_core.package_identification:_identify(src) by extension 'ros'
[1.130s] Level 1:colcon.colcon_core.package_identification:_identify(src) by extensions ['cmake', 'python']
[1.130s] Level 1:colcon.colcon_core.package_identification:_identify(src) by extension 'cmake'
[1.130s] Level 1:colcon.colcon_core.package_identification:_identify(src) by extension 'python'
[1.130s] Level 1:colcon.colcon_core.package_identification:_identify(src) by extensions ['python_setup_py']
[1.130s] Level 1:colcon.colcon_core.package_identification:_identify(src) by extension 'python_setup_py'
[1.130s] Level 1:colcon.colcon_core.package_identification:_identify(src/delphi_esr_radar) by extensions ['ignore', 'ignore_ament_install']
[1.130s] Level 1:colcon.colcon_core.package_identification:_identify(src/delphi_esr_radar) by extension 'ignore'
[1.130s] Level 1:colcon.colcon_core.package_identification:_identify(src/delphi_esr_radar) by extension 'ignore_ament_install'
[1.131s] Level 1:colcon.colcon_core.package_identification:_identify(src/delphi_esr_radar) by extensions ['colcon_pkg']
[1.131s] Level 1:colcon.colcon_core.package_identification:_identify(src/delphi_esr_radar) by extension 'colcon_pkg'
[1.131s] Level 1:colcon.colcon_core.package_identification:_identify(src/delphi_esr_radar) by extensions ['colcon_meta']
[1.131s] Level 1:colcon.colcon_core.package_identification:_identify(src/delphi_esr_radar) by extension 'colcon_meta'
[1.131s] Level 1:colcon.colcon_core.package_identification:_identify(src/delphi_esr_radar) by extensions ['ros']
[1.131s] Level 1:colcon.colcon_core.package_identification:_identify(src/delphi_esr_radar) by extension 'ros'
[1.133s] DEBUG:colcon.colcon_core.package_identification:Package 'src/delphi_esr_radar' with type 'ros.ament_python' and name 'delphi_esr_radar'
[1.133s] Level 1:colcon.colcon_core.package_discovery:discover_packages(recursive) using defaults
[1.133s] Level 1:colcon.colcon_core.package_discovery:discover_packages(ignore) discover
[1.133s] Level 1:colcon.colcon_core.package_discovery:discover_packages(ignore) using defaults
[1.133s] Level 1:colcon.colcon_core.package_discovery:discover_packages(path) discover
[1.133s] Level 1:colcon.colcon_core.package_discovery:discover_packages(path) using defaults
[1.233s] Level 1:colcon.colcon_core.package_discovery:discover_packages(prefix_path) check parameters
[1.233s] Level 1:colcon.colcon_core.package_discovery:discover_packages(prefix_path) discover
[1.266s] DEBUG:colcon.colcon_installed_package_information.package_discovery:Found 4 installed packages in /home/vom/ros2_ws/Nano_Vision/install
[1.281s] DEBUG:colcon.colcon_installed_package_information.package_discovery:Found 2 installed packages in /home/vom/ros2_ws/RasPi_LiDAR/install
[1.305s] DEBUG:colcon.colcon_installed_package_information.package_discovery:Found 3 installed packages in /home/vom/ros2_ws/RasPi_GPS_IMU/install
[1.320s] DEBUG:colcon.colcon_installed_package_information.package_discovery:Found 1 installed packages in /home/vom/ros2_ws/HusarionRosbot2R/install
[1.336s] DEBUG:colcon.colcon_installed_package_information.package_discovery:Found 283 installed packages in /opt/ros/humble
[1.337s] Level 1:colcon.colcon_core.package_discovery:discover_packages(prefix_path) using defaults
[1.426s] Level 5:colcon.colcon_core.verb:set package 'delphi_esr_radar' build argument 'cmake_args' from command line to 'None'
[1.427s] Level 5:colcon.colcon_core.verb:set package 'delphi_esr_radar' build argument 'cmake_target' from command line to 'None'
[1.427s] Level 5:colcon.colcon_core.verb:set package 'delphi_esr_radar' build argument 'cmake_target_skip_unavailable' from command line to 'False'
[1.427s] Level 5:colcon.colcon_core.verb:set package 'delphi_esr_radar' build argument 'cmake_clean_cache' from command line to 'False'
[1.427s] Level 5:colcon.colcon_core.verb:set package 'delphi_esr_radar' build argument 'cmake_clean_first' from command line to 'False'
[1.427s] Level 5:colcon.colcon_core.verb:set package 'delphi_esr_radar' build argument 'cmake_force_configure' from command line to 'False'
[1.427s] Level 5:colcon.colcon_core.verb:set package 'delphi_esr_radar' build argument 'ament_cmake_args' from command line to 'None'
[1.427s] Level 5:colcon.colcon_core.verb:set package 'delphi_esr_radar' build argument 'catkin_cmake_args' from command line to 'None'
[1.427s] Level 5:colcon.colcon_core.verb:set package 'delphi_esr_radar' build argument 'catkin_skip_building_tests' from command line to 'False'
[1.427s] DEBUG:colcon.colcon_core.verb:Building package 'delphi_esr_radar' with the following arguments: {'ament_cmake_args': None, 'build_base': '/home/vom/ros2_ws/RasPi_Radar/build/delphi_esr_radar', 'catkin_cmake_args': None, 'catkin_skip_building_tests': False, 'cmake_args': None, 'cmake_clean_cache': False, 'cmake_clean_first': False, 'cmake_force_configure': False, 'cmake_target': None, 'cmake_target_skip_unavailable': False, 'install_base': '/home/vom/ros2_ws/RasPi_Radar/install/delphi_esr_radar', 'merge_install': False, 'path': '/home/vom/ros2_ws/RasPi_Radar/src/delphi_esr_radar', 'symlink_install': True, 'test_result_base': None}
[1.442s] INFO:colcon.colcon_core.executor:Executing jobs using 'parallel' executor
[1.458s] DEBUG:colcon.colcon_parallel_executor.executor.parallel:run_until_complete
[1.458s] INFO:colcon.colcon_ros.task.ament_python.build:Building ROS package in '/home/vom/ros2_ws/RasPi_Radar/src/delphi_esr_radar' with build type 'ament_python'
[1.459s] Level 1:colcon.colcon_core.shell:create_environment_hook('delphi_esr_radar', 'ament_prefix_path')
[1.478s] INFO:colcon.colcon_core.plugin_system:Skipping extension 'colcon_core.shell.bat': Not used on non-Windows systems
[1.478s] INFO:colcon.colcon_core.shell:Creating environment hook '/home/vom/ros2_ws/RasPi_Radar/install/delphi_esr_radar/share/delphi_esr_radar/hook/ament_prefix_path.ps1'
[1.479s] INFO:colcon.colcon_core.shell:Creating environment descriptor '/home/vom/ros2_ws/RasPi_Radar/install/delphi_esr_radar/share/delphi_esr_radar/hook/ament_prefix_path.dsv'
[1.479s] INFO:colcon.colcon_core.shell:Creating environment hook '/home/vom/ros2_ws/RasPi_Radar/install/delphi_esr_radar/share/delphi_esr_radar/hook/ament_prefix_path.sh'
[1.500s] INFO:colcon.colcon_core.shell:Skip shell extension 'powershell' for command environment: Not usable outside of PowerShell
[1.500s] DEBUG:colcon.colcon_core.shell:Skip shell extension 'dsv' for command environment
[1.917s] INFO:colcon.colcon_core.task.python.build:Building Python package in '/home/vom/ros2_ws/RasPi_Radar/src/delphi_esr_radar'
[1.933s] INFO:colcon.colcon_core.shell:Skip shell extension 'powershell' for command environment: Not usable outside of PowerShell
[1.933s] DEBUG:colcon.colcon_core.shell:Skip shell extension 'dsv' for command environment
[2.397s] DEBUG:colcon.colcon_core.event_handler.log_command:Invoking command in '/home/vom/ros2_ws/RasPi_Radar/build/delphi_esr_radar': PYTHONPATH=/home/vom/ros2_ws/RasPi_Radar/build/delphi_esr_radar/prefix_override:/home/vom/ros2_ws/RasPi_Radar/install/delphi_esr_radar/lib/python3.10/site-packages:${PYTHONPATH} /usr/bin/python3 setup.py develop --editable --build-directory /home/vom/ros2_ws/RasPi_Radar/build/delphi_esr_radar/build --no-deps install_data
[2.895s] Level 1:colcon.colcon_core.shell:create_environment_hook('delphi_esr_radar', 'pythonpath_develop')
[2.896s] DEBUG:colcon.colcon_core.event_handler.log_command:Invoked command in '/home/vom/ros2_ws/RasPi_Radar/build/delphi_esr_radar' returned '0': PYTHONPATH=/home/vom/ros2_ws/RasPi_Radar/build/delphi_esr_radar/prefix_override:/home/vom/ros2_ws/RasPi_Radar/install/delphi_esr_radar/lib/python3.10/site-packages:${PYTHONPATH} /usr/bin/python3 setup.py develop --editable --build-directory /home/vom/ros2_ws/RasPi_Radar/build/delphi_esr_radar/build --no-deps install_data
[2.911s] INFO:colcon.colcon_core.shell:Creating environment hook '/home/vom/ros2_ws/RasPi_Radar/build/delphi_esr_radar/share/delphi_esr_radar/hook/pythonpath_develop.ps1'
[2.911s] INFO:colcon.colcon_core.shell:Creating environment descriptor '/home/vom/ros2_ws/RasPi_Radar/build/delphi_esr_radar/share/delphi_esr_radar/hook/pythonpath_develop.dsv'
[2.912s] INFO:colcon.colcon_core.shell:Creating environment hook '/home/vom/ros2_ws/RasPi_Radar/build/delphi_esr_radar/share/delphi_esr_radar/hook/pythonpath_develop.sh'
[2.937s] Level 1:colcon.colcon_core.environment:checking '/home/vom/ros2_ws/RasPi_Radar/install/delphi_esr_radar' for CMake module files
[2.938s] Level 1:colcon.colcon_core.environment:checking '/home/vom/ros2_ws/RasPi_Radar/install/delphi_esr_radar' for CMake config files
[2.938s] Level 1:colcon.colcon_core.environment:checking '/home/vom/ros2_ws/RasPi_Radar/install/delphi_esr_radar/lib'
[2.938s] Level 1:colcon.colcon_core.environment:checking '/home/vom/ros2_ws/RasPi_Radar/install/delphi_esr_radar/bin'
[2.939s] Level 1:colcon.colcon_core.environment:checking '/home/vom/ros2_ws/RasPi_Radar/install/delphi_esr_radar/lib/pkgconfig/delphi_esr_radar.pc'
[2.939s] Level 1:colcon.colcon_core.environment:checking '/home/vom/ros2_ws/RasPi_Radar/install/delphi_esr_radar/lib/python3.10/site-packages'
[2.939s] Level 1:colcon.colcon_core.shell:create_environment_hook('delphi_esr_radar', 'pythonpath')
[2.955s] INFO:colcon.colcon_core.shell:Creating environment hook '/home/vom/ros2_ws/RasPi_Radar/install/delphi_esr_radar/share/delphi_esr_radar/hook/pythonpath.ps1'
[2.956s] INFO:colcon.colcon_core.shell:Creating environment descriptor '/home/vom/ros2_ws/RasPi_Radar/install/delphi_esr_radar/share/delphi_esr_radar/hook/pythonpath.dsv'
[2.956s] INFO:colcon.colcon_core.shell:Creating environment hook '/home/vom/ros2_ws/RasPi_Radar/install/delphi_esr_radar/share/delphi_esr_radar/hook/pythonpath.sh'
[2.957s] Level 1:colcon.colcon_core.environment:checking '/home/vom/ros2_ws/RasPi_Radar/install/delphi_esr_radar/bin'
[2.957s] Level 1:colcon.colcon_core.environment:create_environment_scripts_only(delphi_esr_radar)
[2.976s] INFO:colcon.colcon_core.shell:Creating package script '/home/vom/ros2_ws/RasPi_Radar/install/delphi_esr_radar/share/delphi_esr_radar/package.ps1'
[2.977s] INFO:colcon.colcon_core.shell:Creating package descriptor '/home/vom/ros2_ws/RasPi_Radar/install/delphi_esr_radar/share/delphi_esr_radar/package.dsv'
[2.979s] INFO:colcon.colcon_core.shell:Creating package script '/home/vom/ros2_ws/RasPi_Radar/install/delphi_esr_radar/share/delphi_esr_radar/package.sh'
[2.980s] INFO:colcon.colcon_core.shell:Creating package script '/home/vom/ros2_ws/RasPi_Radar/install/delphi_esr_radar/share/delphi_esr_radar/package.bash'
[2.981s] INFO:colcon.colcon_core.shell:Creating package script '/home/vom/ros2_ws/RasPi_Radar/install/delphi_esr_radar/share/delphi_esr_radar/package.zsh'
[2.982s] Level 1:colcon.colcon_core.environment:create_file_with_runtime_dependencies(/home/vom/ros2_ws/RasPi_Radar/install/delphi_esr_radar/share/colcon-core/packages/delphi_esr_radar)
[2.982s] DEBUG:colcon.colcon_parallel_executor.executor.parallel:closing loop
[2.982s] DEBUG:colcon.colcon_parallel_executor.executor.parallel:loop closed
[2.982s] DEBUG:colcon.colcon_parallel_executor.executor.parallel:run_until_complete finished with '0'
[2.982s] DEBUG:colcon.colcon_core.event_reactor:joining thread
[3.004s] INFO:colcon.colcon_core.plugin_system:Skipping extension 'colcon_notification.desktop_notification.terminal_notifier': Not used on non-Darwin systems
[3.004s] INFO:colcon.colcon_core.plugin_system:Skipping extension 'colcon_notification.desktop_notification.win32': Not used on non-Windows systems
[3.004s] INFO:colcon.colcon_notification.desktop_notification:Sending desktop notification using 'notify2'
[3.015s] DEBUG:colcon.colcon_core.event_reactor:joined thread
[3.040s] INFO:colcon.colcon_core.shell:Creating prefix script '/home/vom/ros2_ws/RasPi_Radar/install/local_setup.ps1'
[3.041s] INFO:colcon.colcon_core.shell:Creating prefix util module '/home/vom/ros2_ws/RasPi_Radar/install/_local_setup_util_ps1.py'
[3.043s] INFO:colcon.colcon_core.shell:Creating prefix chain script '/home/vom/ros2_ws/RasPi_Radar/install/setup.ps1'
[3.068s] INFO:colcon.colcon_core.shell:Creating prefix script '/home/vom/ros2_ws/RasPi_Radar/install/local_setup.sh'
[3.069s] INFO:colcon.colcon_core.shell:Creating prefix util module '/home/vom/ros2_ws/RasPi_Radar/install/_local_setup_util_sh.py'
[3.069s] INFO:colcon.colcon_core.shell:Creating prefix chain script '/home/vom/ros2_ws/RasPi_Radar/install/setup.sh'
[3.089s] INFO:colcon.colcon_core.shell:Creating prefix script '/home/vom/ros2_ws/RasPi_Radar/install/local_setup.bash'
[3.090s] INFO:colcon.colcon_core.shell:Creating prefix chain script '/home/vom/ros2_ws/RasPi_Radar/install/setup.bash'
[3.105s] INFO:colcon.colcon_core.shell:Creating prefix script '/home/vom/ros2_ws/RasPi_Radar/install/local_setup.zsh'
[3.106s] INFO:colcon.colcon_core.shell:Creating prefix chain script '/home/vom/ros2_ws/RasPi_Radar/install/setup.zsh'
